2020-11-01 17:41:29,727 - start scraping property24
2020-11-01 17:41:44,849 - entered results page
2020-11-01 17:41:47,635 - scraped page 1
2020-11-01 17:41:53,267 - scraped page 2
2020-11-01 17:41:56,806 - scraped page 3
2020-11-01 17:42:03,720 - scraped page 4
2020-11-01 17:42:09,172 - scraped page 5
2020-11-01 17:42:14,700 - scraped page 6
2020-11-01 17:42:20,221 - scraped page 7
2020-11-01 17:42:25,854 - scraped page 8
2020-11-01 17:42:29,238 - scraped page 9
2020-11-01 17:42:34,751 - scraped page 10
2020-11-01 17:42:39,304 - scraped page 11
2020-11-01 17:42:44,733 - scraped page 12
2020-11-01 17:42:50,385 - scraped page 13
2020-11-01 17:42:54,866 - scraped page 14
2020-11-01 17:42:59,518 - scraped page 15
2020-11-01 17:43:05,548 - scraped page 16
2020-11-01 17:43:09,805 - scraped page 17
2020-11-01 17:43:14,603 - scraped page 18
2020-11-01 17:43:20,052 - scraped page 19
2020-11-01 17:43:24,922 - scraped page 20
2020-11-01 17:43:28,517 - scraped page 21
2020-11-01 17:43:32,803 - scraped page 22
2020-11-01 17:43:37,753 - scraped page 23
2020-11-01 17:43:42,156 - scraped page 24
2020-11-01 17:43:46,366 - scraped page 25
2020-11-01 17:43:50,649 - scraped page 26
2020-11-01 17:43:55,986 - scraped page 27
2020-11-01 17:44:01,701 - scraped page 28
2020-11-01 17:44:06,372 - scraped page 29
2020-11-01 17:44:10,800 - scraped page 30
2020-11-01 17:44:15,455 - scraped page 31
2020-11-01 17:44:21,085 - scraped page 32
2020-11-01 17:44:26,267 - scraped page 33
2020-11-01 17:44:31,820 - scraped page 34
2020-11-01 17:44:36,002 - scraped page 35
2020-11-01 17:44:40,366 - scraped page 36
2020-11-01 17:44:44,977 - scraped page 37
2020-11-01 17:44:49,438 - scraped page 38
2020-11-01 17:44:53,601 - scraped page 39
2020-11-01 17:44:57,803 - scraped page 40
2020-11-01 17:45:03,150 - scraped page 41
2020-11-01 17:45:07,451 - scraped page 42
2020-11-01 17:45:11,616 - scraped page 43
2020-11-01 17:45:15,755 - scraped page 44
2020-11-01 17:45:20,950 - scraped page 45
2020-11-01 17:45:26,484 - scraped page 46
2020-11-01 17:45:30,969 - scraped page 47
2020-11-01 17:45:36,467 - scraped page 48
2020-11-01 17:45:40,938 - scraped page 49
2020-11-01 17:45:46,684 - scraped page 50
2020-11-01 17:45:52,116 - scraped page 51
2020-11-01 17:45:57,602 - scraped page 52
2020-11-01 17:46:02,419 - scraped page 53
2020-11-01 17:46:06,255 - scraped page 54
2020-11-01 17:46:09,830 - scraped page 55
2020-11-01 17:46:13,571 - scraped page 56
2020-11-01 17:46:18,936 - scraped page 57
2020-11-01 17:46:24,635 - scraped page 58
2020-11-01 17:46:28,312 - scraped page 59
2020-11-01 17:46:32,627 - scraped page 60
2020-11-01 17:46:37,036 - scraped page 61
2020-11-01 17:46:42,303 - scraped page 62
2020-11-01 17:46:47,671 - scraped page 63
2020-11-01 17:46:51,386 - scraped page 64
2020-11-01 17:46:57,111 - scraped page 65
2020-11-01 17:47:01,945 - scraped page 66
2020-11-01 17:47:05,816 - scraped page 67
2020-11-01 17:47:09,712 - scraped page 68
2020-11-01 17:47:13,932 - scraped page 69
2020-11-01 17:47:18,116 - scraped page 70
2020-11-01 17:47:21,650 - scraped page 71
2020-11-01 17:47:25,767 - scraped page 72
2020-11-01 17:47:29,280 - scraped page 73
2020-11-01 17:47:33,447 - scraped page 74
2020-11-01 17:47:38,144 - scraped page 75
2020-11-01 17:47:41,830 - scraped page 76
2020-11-01 17:47:46,131 - scraped page 77
2020-11-01 17:47:51,681 - scraped page 78
2020-11-01 17:47:57,081 - scraped page 79
2020-11-01 17:48:01,631 - scraped page 80
2020-11-01 17:48:06,833 - scraped page 81
2020-11-01 17:48:12,498 - scraped page 82
2020-11-01 17:48:17,263 - scraped page 83
2020-11-01 17:48:22,797 - scraped page 84
2020-11-01 17:48:27,161 - scraped page 85
2020-11-01 17:48:32,111 - scraped page 86
2020-11-01 17:48:37,058 - scraped page 87
2020-11-01 17:48:42,400 - scraped page 88
2020-11-01 17:48:46,663 - scraped page 89
2020-11-01 17:48:50,442 - scraped page 90
2020-11-01 17:48:54,648 - scraped page 91
2020-11-01 17:49:00,178 - scraped page 92
2020-11-01 17:49:05,745 - scraped page 93
2020-11-01 17:49:11,284 - scraped page 94
2020-11-01 17:49:16,911 - scraped page 95
2020-11-01 17:49:21,817 - scraped page 96
2020-11-01 17:49:26,067 - scraped page 97
2020-11-01 17:49:30,449 - scraped page 98
2020-11-01 17:49:34,698 - scraped page 99
2020-11-01 17:49:40,086 - scraped page 100
2020-11-01 17:49:44,194 - scraped page 101
2020-11-01 17:49:48,792 - scraped page 102
2020-11-01 17:49:54,249 - scraped page 103
2020-11-01 17:49:58,650 - scraped page 104
2020-11-01 17:50:03,400 - scraped page 105
2020-11-01 17:50:07,778 - scraped page 106
2020-11-01 17:50:12,233 - scraped page 107
2020-11-01 17:50:17,782 - scraped page 108
2020-11-01 17:50:21,275 - scraped page 109
2020-11-01 17:50:25,515 - scraped page 110
2020-11-01 17:50:29,714 - scraped page 111
2020-11-01 17:50:33,879 - scraped page 112
2020-11-01 17:50:37,707 - scraped page 113
2020-11-01 17:50:41,988 - scraped page 114
2020-11-01 17:50:46,963 - scraped page 115
2020-11-01 17:50:51,417 - scraped page 116
2020-11-01 17:50:56,017 - scraped page 117
2020-11-01 17:51:01,546 - scraped page 118
2020-11-01 17:51:06,835 - scraped page 119
2020-11-01 17:51:11,330 - scraped page 120
2020-11-01 17:51:15,331 - scraped page 121
2020-11-01 17:51:20,066 - scraped page 122
2020-11-01 17:51:24,479 - scraped page 123
2020-11-01 17:51:29,245 - scraped page 124
2020-11-01 17:51:34,816 - scraped page 125
2020-11-01 17:51:40,360 - scraped page 126
2020-11-01 17:51:45,315 - scraped page 127
2020-11-01 17:51:51,041 - scraped page 128
2020-11-01 17:51:55,329 - scraped page 129
2020-11-01 17:52:00,097 - scraped page 130
2020-11-01 17:52:04,314 - scraped page 131
2020-11-01 17:52:08,435 - scraped page 132
2020-11-01 17:52:13,325 - scraped page 133
2020-11-01 17:52:17,685 - scraped page 134
2020-11-01 17:52:22,761 - scraped page 135
2020-11-01 17:52:27,866 - scraped page 136
2020-11-01 17:52:31,778 - scraped page 137
2020-11-01 17:52:35,909 - scraped page 138
2020-11-01 17:52:41,666 - scraped page 139
2020-11-01 17:52:47,210 - scraped page 140
2020-11-01 17:52:50,585 - scraped page 141
2020-11-01 17:52:55,751 - scraped page 142
2020-11-01 17:53:00,208 - scraped page 143
2020-11-01 17:53:05,472 - scraped page 144
2020-11-01 17:53:08,820 - scraped page 145
2020-11-01 17:53:14,162 - scraped page 146
2020-11-01 17:53:19,134 - scraped page 147
2020-11-01 17:53:22,627 - scraped page 148
2020-11-01 17:53:26,763 - scraped page 149
2020-11-01 17:53:30,866 - scraped page 150
2020-11-01 17:53:35,155 - scraped page 151
2020-11-01 17:53:39,429 - scraped page 152
2020-11-01 17:53:43,881 - scraped page 153
2020-11-01 17:53:47,459 - scraped page 154
2020-11-01 17:53:52,166 - scraped page 155
2020-11-01 17:53:56,341 - scraped page 156
2020-11-01 17:54:00,224 - scraped page 157
2020-11-01 17:54:04,824 - scraped page 158
2020-11-01 17:54:09,417 - scraped page 159
2020-11-01 17:54:14,435 - scraped page 160
2020-11-01 17:54:20,294 - scraped page 161
2020-11-01 17:54:25,882 - scraped page 162
2020-11-01 17:54:30,394 - scraped page 163
2020-11-01 17:54:34,608 - scraped page 164
2020-11-01 17:54:38,909 - scraped page 165
2020-11-01 17:54:44,698 - scraped page 166
2020-11-01 17:54:49,513 - scraped page 167
2020-11-01 17:54:53,179 - scraped page 168
2020-11-01 17:54:56,816 - scraped page 169
2020-11-01 17:55:00,716 - scraped page 170
2020-11-01 17:55:04,315 - scraped page 171
2020-11-01 17:55:08,531 - scraped page 172
2020-11-01 17:55:11,883 - scraped page 173
2020-11-01 17:55:16,197 - scraped page 174
2020-11-01 17:55:19,709 - scraped page 175
2020-11-01 17:55:24,268 - scraped page 176
2020-11-01 17:55:27,650 - scraped page 177
2020-11-01 17:55:32,048 - scraped page 178
2020-11-01 17:55:37,797 - scraped page 179
2020-11-01 17:55:41,534 - scraped page 180
2020-11-01 17:55:46,734 - scraped page 181
2020-11-01 17:55:50,284 - scraped page 182
2020-11-01 17:55:55,080 - scraped page 183
2020-11-01 17:56:00,611 - scraped page 184
2020-11-01 17:56:05,301 - scraped page 185
2020-11-01 17:56:11,014 - scraped page 186
2020-11-01 17:56:14,592 - scraped page 187
2020-11-01 17:56:18,833 - scraped page 188
2020-11-01 17:56:24,264 - scraped page 189
2020-11-01 17:56:28,534 - scraped page 190
2020-11-01 17:56:31,980 - scraped page 191
2020-11-01 17:56:37,651 - scraped page 192
2020-11-01 17:56:40,995 - scraped page 193
2020-11-01 17:56:45,316 - scraped page 194
2020-11-01 17:56:49,913 - scraped page 195
2020-11-01 17:56:54,331 - scraped page 196
2020-11-01 17:56:57,833 - scraped page 197
2020-11-01 17:57:02,381 - scraped page 198
2020-11-01 17:57:07,833 - scraped page 199
2020-11-01 17:57:11,983 - scraped page 200
2020-11-01 17:57:15,363 - scraped page 201
2020-11-01 17:57:20,632 - scraped page 202
2020-11-01 17:57:24,398 - scraped page 203
2020-11-01 17:57:29,949 - scraped page 204
2020-11-01 17:57:34,600 - scraped page 205
2020-11-01 17:57:38,368 - scraped page 206
2020-11-01 17:57:43,051 - scraped page 207
2020-11-01 17:57:48,417 - scraped page 208
2020-11-01 17:57:53,098 - scraped page 209
2020-11-01 17:57:57,550 - scraped page 210
2020-11-01 17:58:02,929 - scraped page 211
2020-11-01 17:58:07,379 - scraped page 212
2020-11-01 17:58:10,966 - scraped page 213
2020-11-01 17:58:16,433 - scraped page 214
2020-11-01 17:58:19,834 - scraped page 215
2020-11-01 17:58:24,083 - scraped page 216
2020-11-01 17:58:28,335 - scraped page 217
2020-11-01 17:58:33,848 - scraped page 218
2020-11-01 17:58:39,552 - scraped page 219
2020-11-01 17:58:44,327 - scraped page 220
2020-11-01 17:58:49,616 - scraped page 221
2020-11-01 17:58:53,946 - scraped page 222
2020-11-01 17:58:59,501 - scraped page 223
2020-11-01 17:59:04,566 - scraped page 224
2020-11-01 17:59:08,748 - scraped page 225
2020-11-01 17:59:14,149 - scraped page 226
2020-11-01 17:59:19,401 - scraped page 227
2020-11-01 17:59:23,048 - scraped page 228
2020-11-01 17:59:27,665 - scraped page 229
2020-11-01 17:59:33,481 - scraped page 230
2020-11-01 17:59:37,731 - scraped page 231
2020-11-01 17:59:41,935 - scraped page 232
2020-11-01 17:59:47,132 - scraped page 233
2020-11-01 17:59:52,747 - scraped page 234
2020-11-01 17:59:57,870 - scraped page 235
2020-11-01 18:00:02,206 - scraped page 236
2020-11-01 18:00:05,757 - scraped page 237
2020-11-01 18:00:11,218 - scraped page 238
2020-11-01 18:00:15,754 - scraped page 239
2020-11-01 18:00:21,136 - scraped page 240
2020-11-01 18:00:24,305 - finished page
2020-11-01 18:15:44,499 - NumExpr defaulting to 4 threads.
